<?xml version="1.0" encoding="UTF-8"?>
<testng-results ignored="0" total="1" passed="1" failed="0" skipped="0">
  <reporter-output>
  </reporter-output>
  <suite started-at="2023-11-06T10:22:07 IST" name="Default suite" finished-at="2023-11-06T10:22:07 IST" duration-ms="249">
    <groups>
    </groups>
    <test started-at="2023-11-06T10:22:07 IST" name="Default test" finished-at="2023-11-06T10:22:07 IST" duration-ms="249">
      <class name="com.ZebraC.TestScripts.TestScript3Test">
        <test-method signature="tc1()[pri:0, instance:com.ZebraC.TestScripts.TestScript3Test@43dac38f]" started-at="2023-11-06T10:22:07 IST" name="tc1" finished-at="2023-11-06T10:22:07 IST" duration-ms="47" status="PASS">
          <reporter-output>
          </reporter-output>
        </test-method> <!-- tc1 -->
      </class> <!-- com.ZebraC.TestScripts.TestScript3Test -->
    </test> <!-- Default test -->
  </suite> <!-- Default suite -->
</testng-results>
